Using pre-set license
Built from '2020.3/staging' branch; Version is '2020.3.19f1 (68f137dc9bbe) revision 6877495'; Using compiler version '192528614'; Build Type 'Release'
OS: 'Windows 10 Pro; OS build 18363.1256; Version 1909; 64bit' Language: 'zh' Physical Memory: 7971 MB
BatchMode: 1, IsHumanControllingUs: 0, StartBugReporterOnCrash: 0, Is64bit: 1, IsPro: 0

COMMAND LINE ARGUMENTS:
C:\Program Files\Unity\Hub\Editor\2020.3.18f1\Editor\Unity.exe
-adb2
-batchMode
-noUpm
-name
AssetImportWorker0
-projectPath
C:/Users/Appedu/Documents/GitHub/BoomBoomWitch_20211219/BoomBoomWitch_20211219
-logFile
Logs/AssetImportWorker0.log
-srvPort
49897
Successfully changed project path to: C:/Users/Appedu/Documents/GitHub/BoomBoomWitch_20211219/BoomBoomWitch_20211219
C:/Users/Appedu/Documents/GitHub/BoomBoomWitch_20211219/BoomBoomWitch_20211219
Using Asset Import Pipeline V2.
Refreshing native plugins compatible for Editor in 21.96 ms, found 2 plugins.
Preloading 0 native plugins for Editor in 0.00 ms.
Initialize engine version: 2020.3.19f1 (68f137dc9bbe)
[Subsystems] Discovering subsystems at path C:/Program Files/Unity/Hub/Editor/2020.3.18f1/Editor/Data/Resources/UnitySubsystems
[Subsystems] Discovering subsystems at path C:/Users/Appedu/Documents/GitHub/BoomBoomWitch_20211219/BoomBoomWitch_20211219/Assets
GfxDevice: creating device client; threaded=0
Direct3D:
    Version:  Direct3D 11.0 [level 11.1]
    Renderer: NVIDIA GeForce RTX 3050 Laptop GPU (ID=0x25a2)
    Vendor:   
    VRAM:     3991 MB
    Driver:   30.0.14.7168
Initialize mono
Mono path[0] = 'C:/Program Files/Unity/Hub/Editor/2020.3.18f1/Editor/Data/Managed'
Mono path[1] = 'C:/Program Files/Unity/Hub/Editor/2020.3.18f1/Editor/Data/MonoBleedingEdge/lib/mono/unityjit'
Mono config path = 'C:/Program Files/Unity/Hub/Editor/2020.3.18f1/Editor/Data/MonoBleedingEdge/etc'
Using monoOptions --debugger-agent=transport=dt_socket,embedding=1,server=y,suspend=n,address=127.0.0.1:56132
Begin MonoManager ReloadAssembly
Registering precompiled unity dll's ...
Register platform support module: C:/Program Files/Unity/Hub/Editor/2020.3.18f1/Editor/Data/PlaybackEngines/WindowsStandaloneSupport/UnityEditor.WindowsStandalone.Extensions.dll
Registered in 0.001094 seconds.
Native extension for WindowsStandalone target not found
Refreshing native plugins compatible for Editor in 22.31 ms, found 2 plugins.
Preloading 0 native plugins for Editor in 0.00 ms.
Mono: successfully reloaded assembly
- Completed reload, in  0.659 seconds
Domain Reload Profiling:
	ReloadAssembly (659ms)
		BeginReloadAssembly (36ms)
			ExecutionOrderSort (0ms)
			DisableScriptedObjects (0ms)
			BackupInstance (0ms)
			ReleaseScriptingObjects (0ms)
			CreateAndSetChildDomain (1ms)
		EndReloadAssembly (304ms)
			LoadAssemblies (35ms)
			RebuildTransferFunctionScriptingTraits (0ms)
			SetupTypeCache (110ms)
			ReleaseScriptCaches (0ms)
			RebuildScriptCaches (21ms)
			SetupLoadedEditorAssemblies (119ms)
				LogAssemblyErrors (0ms)
				InitializePlatformSupportModulesInManaged (3ms)
				SetLoadedEditorAssemblies (0ms)
				RefreshPlugins (22ms)
				BeforeProcessingInitializeOnLoad (13ms)
				ProcessInitializeOnLoadAttributes (58ms)
				ProcessInitializeOnLoadMethodAttributes (21ms)
				AfterProcessingInitializeOnLoad (0ms)
				EditorAssembliesLoaded (0ms)
			ExecutionOrderSort2 (0ms)
			AwakeInstancesAfterBackupRestoration (0ms)
Platform modules already initialized, skipping
Registering precompiled user dll's ...
Registered in 0.001956 seconds.
Begin MonoManager ReloadAssembly
Native extension for WindowsStandalone target not found
Refreshing native plugins compatible for Editor in 0.29 ms, found 2 plugins.
Preloading 0 native plugins for Editor in 0.00 ms.
Mono: successfully reloaded assembly
- Completed reload, in  0.725 seconds
Domain Reload Profiling:
	ReloadAssembly (726ms)
		BeginReloadAssembly (103ms)
			ExecutionOrderSort (0ms)
			DisableScriptedObjects (3ms)
			BackupInstance (0ms)
			ReleaseScriptingObjects (0ms)
			CreateAndSetChildDomain (16ms)
		EndReloadAssembly (576ms)
			LoadAssemblies (62ms)
			RebuildTransferFunctionScriptingTraits (0ms)
			SetupTypeCache (184ms)
			ReleaseScriptCaches (0ms)
			RebuildScriptCaches (29ms)
			SetupLoadedEditorAssemblies (232ms)
				LogAssemblyErrors (0ms)
				InitializePlatformSupportModulesInManaged (4ms)
				SetLoadedEditorAssemblies (0ms)
				RefreshPlugins (0ms)
				BeforeProcessingInitializeOnLoad (57ms)
				ProcessInitializeOnLoadAttributes (162ms)
				ProcessInitializeOnLoadMethodAttributes (4ms)
				AfterProcessingInitializeOnLoad (4ms)
				EditorAssembliesLoaded (0ms)
			ExecutionOrderSort2 (0ms)
			AwakeInstancesAfterBackupRestoration (5ms)
Platform modules already initialized, skipping
========================================================================
Worker process is ready to serve import requests
Launched and connected shader compiler UnityShaderCompiler.exe after 0.03 seconds
Refreshing native plugins compatible for Editor in 0.41 ms, found 2 plugins.
Preloading 0 native plugins for Editor in 0.00 ms.
Unloading 1397 Unused Serialized files (Serialized files now loaded: 0)
System memory in use before: 65.2 MB.
System memory in use after: 65.3 MB.

Unloading 16 unused Assets to reduce memory usage. Loaded Objects now: 1832.
Total: 2.164900 ms (FindLiveObjects: 0.126100 ms CreateObjectMapping: 0.023700 ms MarkObjects: 1.941900 ms  DeleteObjects: 0.071700 ms)

AssetImportParameters requested are different than current active one (requested -> active):
  custom:framework-win-MediaFoundation: 216162199b28c13a410421893ffa2e32 -> 
  custom:video-decoder-ogg-theora: a1e56fd34408186e4bbccfd4996cb3dc -> 
  custom:container-muxer-webm: aa71ff27fc2769a1b78a27578f13a17b -> 
  custom:container-demuxer-webm: 4f35f7cbe854078d1ac9338744f61a02 -> 
  custom:container-demuxer-ogg: 62fdf1f143b41e24485cea50d1cbac27 -> 
  custom:video-encoder-webm-vp8: eb34c28f22e8b96e1ab97ce403110664 -> 
  custom:video-decoder-webm-vp8: 9c59270c3fd7afecdb556c50c9e8de78 -> 
  custom:audio-decoder-ogg-vorbis: bf7c407c2cedff20999df2af8eb42d56 -> 
  custom:audio-encoder-webm-vorbis: bf7c407c2cedff20999df2af8eb42d56 -> 
========================================================================
Received Import Request.
  path: Assets/LowPolyDungeonsLite/Prefabs/Column_01.prefab
  artifactKey: Guid(2f3f7d4927009b84583c02fcbc509217) Importer(815301076,1909f56bfc062723c751e8b465ee728b)
Start importing Assets/LowPolyDungeonsLite/Prefabs/Column_01.prefab using Guid(2f3f7d4927009b84583c02fcbc509217) Importer(815301076,1909f56bfc062723c751e8b465ee728b)  -> (artifact id: '29d35dbcd92e0b055c7ad3bde5614709') in 0.272810 seconds 
  Import took 0.274953 seconds .

========================================================================
Received Import Request.
  Time since last request: 0.000161 seconds.
  path: Assets/LowPolyDungeonsLite/Prefabs/Jug_02.prefab
  artifactKey: Guid(44b00c7db33473946ad48053b41e081f) Importer(815301076,1909f56bfc062723c751e8b465ee728b)
Start importing Assets/LowPolyDungeonsLite/Prefabs/Jug_02.prefab using Guid(44b00c7db33473946ad48053b41e081f) Importer(815301076,1909f56bfc062723c751e8b465ee728b)  -> (artifact id: '790295a440ccec74fc4eb2c5f650cb1f') in 0.008429 seconds 
  Import took 0.010507 seconds .

========================================================================
Received Import Request.
  Time since last request: 0.000150 seconds.
  path: Assets/LowPolyDungeonsLite/Prefabs/Ground_01.prefab
  artifactKey: Guid(98f5378049f9b5745a77677f581b32b1) Importer(815301076,1909f56bfc062723c751e8b465ee728b)
Start importing Assets/LowPolyDungeonsLite/Prefabs/Ground_01.prefab using Guid(98f5378049f9b5745a77677f581b32b1) Importer(815301076,1909f56bfc062723c751e8b465ee728b)  -> (artifact id: '0528edc916df0da898c03168e66b9289') in 0.006921 seconds 
  Import took 0.009047 seconds .

========================================================================
Received Import Request.
  Time since last request: 0.000147 seconds.
  path: Assets/LowPolyDungeonsLite/Prefabs
  artifactKey: Guid(0ac0e68d7d9b9394aa72444e7ef8d399) Importer(815301076,1909f56bfc062723c751e8b465ee728b)
Start importing Assets/LowPolyDungeonsLite/Prefabs using Guid(0ac0e68d7d9b9394aa72444e7ef8d399) Importer(815301076,1909f56bfc062723c751e8b465ee728b)  -> (artifact id: '2799c9218ee6067a779504521fceae58') in 0.001503 seconds 
  Import took 0.003341 seconds .

========================================================================
Received Import Request.
  Time since last request: 0.000136 seconds.
  path: Assets/LowPolyDungeonsLite/Prefabs/Mud_04.prefab
  artifactKey: Guid(9d96437b1954fd74c84a5e1999bb2cb1) Importer(815301076,1909f56bfc062723c751e8b465ee728b)
Start importing Assets/LowPolyDungeonsLite/Prefabs/Mud_04.prefab using Guid(9d96437b1954fd74c84a5e1999bb2cb1) Importer(815301076,1909f56bfc062723c751e8b465ee728b)  -> (artifact id: '5b990e2870d7ec3169b1cddd6f5d8a2a') in 0.006867 seconds 
  Import took 0.008838 seconds .

========================================================================
Received Import Request.
  Time since last request: 0.000175 seconds.
  path: Assets/LowPolyDungeonsLite/Prefabs/Candle_01.prefab
  artifactKey: Guid(c79d59d66358e0f45a098f4b8a82f8be) Importer(815301076,1909f56bfc062723c751e8b465ee728b)
Start importing Assets/LowPolyDungeonsLite/Prefabs/Candle_01.prefab using Guid(c79d59d66358e0f45a098f4b8a82f8be) Importer(815301076,1909f56bfc062723c751e8b465ee728b)  -> (artifact id: 'fa5aab4bab988491501dbfb18b60f456') in 0.007018 seconds 
  Import took 0.009092 seconds .

========================================================================
Received Import Request.
  Time since last request: 0.000174 seconds.
  path: Assets/LowPolyDungeonsLite/Prefabs/Ground_03.prefab
  artifactKey: Guid(fd2de4bd876f4ac4980370e624362931) Importer(815301076,1909f56bfc062723c751e8b465ee728b)
Start importing Assets/LowPolyDungeonsLite/Prefabs/Ground_03.prefab using Guid(fd2de4bd876f4ac4980370e624362931) Importer(815301076,1909f56bfc062723c751e8b465ee728b)  -> (artifact id: '507b723e22e4e3a0d361b5b0a6c67d51') in 0.008191 seconds 
  Import took 0.010259 seconds .

========================================================================
Received Import Request.
  Time since last request: 0.000146 seconds.
  path: Assets/LowPolyDungeonsLite
  artifactKey: Guid(711c3773349b8e74b9fda5d5833eeed8) Importer(815301076,1909f56bfc062723c751e8b465ee728b)
Start importing Assets/LowPolyDungeonsLite using Guid(711c3773349b8e74b9fda5d5833eeed8) Importer(815301076,1909f56bfc062723c751e8b465ee728b)  -> (artifact id: 'f7430d60e72b3a67c696b5ee90d2d883') in 0.001447 seconds 
  Import took 0.003556 seconds .

========================================================================
Received Import Request.
  Time since last request: 0.000138 seconds.
  path: Assets/LowPolyDungeonsLite/Prefabs/Light_08.prefab
  artifactKey: Guid(5fbfbee0f9885764383291c4c5e18668) Importer(815301076,1909f56bfc062723c751e8b465ee728b)
Start importing Assets/LowPolyDungeonsLite/Prefabs/Light_08.prefab using Guid(5fbfbee0f9885764383291c4c5e18668) Importer(815301076,1909f56bfc062723c751e8b465ee728b)  -> (artifact id: '16a8f434385a065203ee3f50706d55ec') in 0.075613 seconds 
  Import took 0.077744 seconds .

========================================================================
Received Import Request.
  Time since last request: 0.000159 seconds.
  path: Assets/LowPolyDungeonsLite/Prefabs/Bottle_05.prefab
  artifactKey: Guid(0c837400ef1130c4196d20ee30637d9c) Importer(815301076,1909f56bfc062723c751e8b465ee728b)
Start importing Assets/LowPolyDungeonsLite/Prefabs/Bottle_05.prefab using Guid(0c837400ef1130c4196d20ee30637d9c) Importer(815301076,1909f56bfc062723c751e8b465ee728b)  -> (artifact id: 'ecde24d26c6d8c77c4078b6ffa6ba9a9') in 0.007205 seconds 
  Import took 0.009266 seconds .

========================================================================
Received Import Request.
  Time since last request: 0.000243 seconds.
  path: Assets/LowPolyDungeonsLite/Prefabs/Chair_05.prefab
  artifactKey: Guid(3c94a574020d3de429d0c295b3a83db4) Importer(815301076,1909f56bfc062723c751e8b465ee728b)
Start importing Assets/LowPolyDungeonsLite/Prefabs/Chair_05.prefab using Guid(3c94a574020d3de429d0c295b3a83db4) Importer(815301076,1909f56bfc062723c751e8b465ee728b)  -> (artifact id: 'e159d59a610bf177852c11696875bcbf') in 0.007593 seconds 
  Import took 0.009683 seconds .

========================================================================
Received Import Request.
  Time since last request: 0.000154 seconds.
  path: Assets/LowPolyDungeonsLite/Prefabs/Box_02.prefab
  artifactKey: Guid(e37d55d9adae8724c9dcf1dff5b67578) Importer(815301076,1909f56bfc062723c751e8b465ee728b)
Start importing Assets/LowPolyDungeonsLite/Prefabs/Box_02.prefab using Guid(e37d55d9adae8724c9dcf1dff5b67578) Importer(815301076,1909f56bfc062723c751e8b465ee728b)  -> (artifact id: 'fe22bc84027b1854df44ab29486d22dc') in 0.008754 seconds 
  Import took 0.010995 seconds .

========================================================================
Received Import Request.
  Time since last request: 0.000157 seconds.
  path: Assets/LowPolyDungeonsLite/Prefabs/Book_09.prefab
  artifactKey: Guid(92d4430c1aabefa4691079bac409cbf9) Importer(815301076,1909f56bfc062723c751e8b465ee728b)
Start importing Assets/LowPolyDungeonsLite/Prefabs/Book_09.prefab using Guid(92d4430c1aabefa4691079bac409cbf9) Importer(815301076,1909f56bfc062723c751e8b465ee728b)  -> (artifact id: '17d8454b0c242ff8baa1f943c4f35089') in 0.009268 seconds 
  Import took 0.011557 seconds .

========================================================================
Received Import Request.
  Time since last request: 1.017910 seconds.
  path: Assets/LowPolyDungeonsLite/Prefabs/Particles_Dust.prefab
  artifactKey: Guid(ce9b38f12fedb194d8b4177a9d4a66d7) Importer(815301076,1909f56bfc062723c751e8b465ee728b)
Start importing Assets/LowPolyDungeonsLite/Prefabs/Particles_Dust.prefab using Guid(ce9b38f12fedb194d8b4177a9d4a66d7) Importer(815301076,1909f56bfc062723c751e8b465ee728b)  -> (artifact id: 'da6f1d41bf959a962a197225f892ec33') in 0.040124 seconds 
  Import took 0.042461 seconds .

========================================================================
Received Import Request.
  Time since last request: 0.000154 seconds.
  path: Assets/LowPolyDungeonsLite/Prefabs/Particles_Pot.prefab
  artifactKey: Guid(c0e095fcea4ab9d41bfa1cf75a32235c) Importer(815301076,1909f56bfc062723c751e8b465ee728b)
Start importing Assets/LowPolyDungeonsLite/Prefabs/Particles_Pot.prefab using Guid(c0e095fcea4ab9d41bfa1cf75a32235c) Importer(815301076,1909f56bfc062723c751e8b465ee728b)  -> (artifact id: 'cb926e288e8ecdc6b1e31507e470cd49') in 0.006739 seconds 
  Import took 0.008800 seconds .

========================================================================
Received Import Request.
  Time since last request: 0.284726 seconds.
  path: Assets/LowPolyDungeonsLite/Prefabs/Pot_01.prefab
  artifactKey: Guid(616fdaa7dbff40e4f91c695be15f9f4f) Importer(815301076,1909f56bfc062723c751e8b465ee728b)
Start importing Assets/LowPolyDungeonsLite/Prefabs/Pot_01.prefab using Guid(616fdaa7dbff40e4f91c695be15f9f4f) Importer(815301076,1909f56bfc062723c751e8b465ee728b)  -> (artifact id: 'c58ca97e7d2261c6ba89fd2f1db0ab8d') in 0.009370 seconds 
  Import took 0.011736 seconds .

========================================================================
Received Import Request.
  Time since last request: 0.000165 seconds.
  path: Assets/LowPolyDungeonsLite/Prefabs/Rock_01.prefab
  artifactKey: Guid(cfb04594231799d4092ee0064447ce94) Importer(815301076,1909f56bfc062723c751e8b465ee728b)
Start importing Assets/LowPolyDungeonsLite/Prefabs/Rock_01.prefab using Guid(cfb04594231799d4092ee0064447ce94) Importer(815301076,1909f56bfc062723c751e8b465ee728b)  -> (artifact id: '5ecce12418fdbdd522bca95b44b23253') in 0.010350 seconds 
  Import took 0.012599 seconds .

========================================================================
Received Import Request.
  Time since last request: 0.078623 seconds.
  path: Assets/LowPolyDungeonsLite/Prefabs/Table_01.prefab
  artifactKey: Guid(c65426a375c90574a95eaaf4840e9481) Importer(815301076,1909f56bfc062723c751e8b465ee728b)
Start importing Assets/LowPolyDungeonsLite/Prefabs/Table_01.prefab using Guid(c65426a375c90574a95eaaf4840e9481) Importer(815301076,1909f56bfc062723c751e8b465ee728b)  -> (artifact id: 'bd62c70ce24e815ae41c1f97e87c85e4') in 0.008525 seconds 
  Import took 0.010961 seconds .

========================================================================
Received Import Request.
  Time since last request: 0.000181 seconds.
  path: Assets/LowPolyDungeonsLite/Prefabs/Wall_27.prefab
  artifactKey: Guid(2f6c4572e07a60b43b00e1c4f489a806) Importer(815301076,1909f56bfc062723c751e8b465ee728b)
Start importing Assets/LowPolyDungeonsLite/Prefabs/Wall_27.prefab using Guid(2f6c4572e07a60b43b00e1c4f489a806) Importer(815301076,1909f56bfc062723c751e8b465ee728b)  -> (artifact id: '0600f7598fb6fa4a249e4fa5ceeabe65') in 0.012790 seconds 
  Import took 0.015374 seconds .

========================================================================
Received Import Request.
  Time since last request: 0.036569 seconds.
  path: Assets/LowPolyDungeonsLite/Prefabs/WallDecor_05.prefab
  artifactKey: Guid(725d9061657be724facf6fda9fe05b4f) Importer(815301076,1909f56bfc062723c751e8b465ee728b)
Start importing Assets/LowPolyDungeonsLite/Prefabs/WallDecor_05.prefab using Guid(725d9061657be724facf6fda9fe05b4f) Importer(815301076,1909f56bfc062723c751e8b465ee728b)  -> (artifact id: '187cf0fd32677fe61c744e65b93881d0') in 0.008727 seconds 
  Import took 0.011017 seconds .

========================================================================
Received Import Request.
  Time since last request: 0.000161 seconds.
  path: Assets/LowPolyDungeonsLite/Prefabs/Wood_02.prefab
  artifactKey: Guid(5062c1312f2beb14694d90a058d444e4) Importer(815301076,1909f56bfc062723c751e8b465ee728b)
Start importing Assets/LowPolyDungeonsLite/Prefabs/Wood_02.prefab using Guid(5062c1312f2beb14694d90a058d444e4) Importer(815301076,1909f56bfc062723c751e8b465ee728b)  -> (artifact id: 'c2da97e54b29208a64704c37ef4d8ac0') in 0.008556 seconds 
  Import took 0.011213 seconds .

========================================================================
Received Import Request.
  Time since last request: 8.858844 seconds.
  path: Assets/LowPolyDungeonsLite/Scenes
  artifactKey: Guid(602f6ee0e183eab49a7d6a388a22808c) Importer(815301076,1909f56bfc062723c751e8b465ee728b)
Start importing Assets/LowPolyDungeonsLite/Scenes using Guid(602f6ee0e183eab49a7d6a388a22808c) Importer(815301076,1909f56bfc062723c751e8b465ee728b)  -> (artifact id: '4a325abc6452006cfea13c30dad2a984') in 0.001551 seconds 
  Import took 0.003870 seconds .

========================================================================
Received Import Request.
  Time since last request: 1.820406 seconds.
  path: Assets/LowPolyDungeonsLite/Models
  artifactKey: Guid(0e8997ca604971843a36c13cc2dca678) Importer(815301076,1909f56bfc062723c751e8b465ee728b)
Start importing Assets/LowPolyDungeonsLite/Models using Guid(0e8997ca604971843a36c13cc2dca678) Importer(815301076,1909f56bfc062723c751e8b465ee728b)  -> (artifact id: 'b8a00c5ca99274fdebb9050b7978103e') in 0.001527 seconds 
  Import took 0.003551 seconds .

========================================================================
Received Import Request.
  Time since last request: 0.500504 seconds.
  path: Assets/LowPolyDungeonsLite/Models/Book_09.fbx
  artifactKey: Guid(dd85c4003e86ea24b9d5486aa770f3a2) Importer(815301076,1909f56bfc062723c751e8b465ee728b)
Start importing Assets/LowPolyDungeonsLite/Models/Book_09.fbx using Guid(dd85c4003e86ea24b9d5486aa770f3a2) Importer(815301076,1909f56bfc062723c751e8b465ee728b)  -> (artifact id: '680fb763bde49ae6eda7db8f08d6ceb1') in 0.083686 seconds 
  Import took 0.085851 seconds .

========================================================================
Received Import Request.
  Time since last request: 0.000149 seconds.
  path: Assets/LowPolyDungeonsLite/Models/Ground_03.fbx
  artifactKey: Guid(9cf4216d74f9e92458acdc136e73dd07) Importer(815301076,1909f56bfc062723c751e8b465ee728b)
Start importing Assets/LowPolyDungeonsLite/Models/Ground_03.fbx using Guid(9cf4216d74f9e92458acdc136e73dd07) Importer(815301076,1909f56bfc062723c751e8b465ee728b)  -> (artifact id: 'cb9ec601018966ac55cf7b6f52e0479b') in 0.012606 seconds 
  Import took 0.014666 seconds .

========================================================================
Received Import Request.
  Time since last request: 0.000171 seconds.
  path: Assets/LowPolyDungeonsLite/Models/Box_02.fbx
  artifactKey: Guid(8257fe5fd024e1640b84edb679463fd9) Importer(815301076,1909f56bfc062723c751e8b465ee728b)
Start importing Assets/LowPolyDungeonsLite/Models/Box_02.fbx using Guid(8257fe5fd024e1640b84edb679463fd9) Importer(815301076,1909f56bfc062723c751e8b465ee728b)  -> (artifact id: '6aa9f8dffa5a97da46ac00e66443eba4') in 0.018509 seconds 
  Import took 0.020700 seconds .

========================================================================
Received Import Request.
  Time since last request: 0.000154 seconds.
  path: Assets/LowPolyDungeonsLite/Models/Chair_05.fbx
  artifactKey: Guid(d51ff80ee7d069542b138da061286520) Importer(815301076,1909f56bfc062723c751e8b465ee728b)
Start importing Assets/LowPolyDungeonsLite/Models/Chair_05.fbx using Guid(d51ff80ee7d069542b138da061286520) Importer(815301076,1909f56bfc062723c751e8b465ee728b)  -> (artifact id: '02ab662a995bb9b3a62e6ffa559a08fb') in 0.014005 seconds 
  Import took 0.016212 seconds .

========================================================================
Received Import Request.
  Time since last request: 0.000226 seconds.
  path: Assets/LowPolyDungeonsLite/Models/Column_01.fbx
  artifactKey: Guid(1bff7d79ae1b141448f2db1e49eb3c81) Importer(815301076,1909f56bfc062723c751e8b465ee728b)
Start importing Assets/LowPolyDungeonsLite/Models/Column_01.fbx using Guid(1bff7d79ae1b141448f2db1e49eb3c81) Importer(815301076,1909f56bfc062723c751e8b465ee728b)  -> (artifact id: '8d8cf989846aa8d15b4dd70b0b0a9878') in 0.013439 seconds 
  Import took 0.016293 seconds .

========================================================================
Received Import Request.
  Time since last request: 0.000231 seconds.
  path: Assets/LowPolyDungeonsLite/Models/Ground_01.fbx
  artifactKey: Guid(542f964f9d702f74d949482dfe0e0e8f) Importer(815301076,1909f56bfc062723c751e8b465ee728b)
Start importing Assets/LowPolyDungeonsLite/Models/Ground_01.fbx using Guid(542f964f9d702f74d949482dfe0e0e8f) Importer(815301076,1909f56bfc062723c751e8b465ee728b)  -> (artifact id: '01dbab50e29baa985186985cd643f2aa') in 0.017216 seconds 
  Import took 0.019487 seconds .

========================================================================
Received Import Request.
  Time since last request: 0.000262 seconds.
  path: Assets/LowPolyDungeonsLite/Models/Jug_02.fbx
  artifactKey: Guid(ddaa7d6b7ae32864ebb3dc8ba1c6dd83) Importer(815301076,1909f56bfc062723c751e8b465ee728b)
Start importing Assets/LowPolyDungeonsLite/Models/Jug_02.fbx using Guid(ddaa7d6b7ae32864ebb3dc8ba1c6dd83) Importer(815301076,1909f56bfc062723c751e8b465ee728b)  -> (artifact id: 'a79292a765432af8bd41d34f7ee11b73') in 0.016466 seconds 
  Import took 0.019242 seconds .

========================================================================
Received Import Request.
  Time since last request: 0.000215 seconds.
  path: Assets/LowPolyDungeonsLite/Models/Mud_04.fbx
  artifactKey: Guid(5fc50f02975300c4fbb07bf974b4815b) Importer(815301076,1909f56bfc062723c751e8b465ee728b)
Start importing Assets/LowPolyDungeonsLite/Models/Mud_04.fbx using Guid(5fc50f02975300c4fbb07bf974b4815b) Importer(815301076,1909f56bfc062723c751e8b465ee728b)  -> (artifact id: 'fa2dac55f2db3f793e4ed0ee7df3ef39') in 0.012590 seconds 
  Import took 0.014851 seconds .

========================================================================
Received Import Request.
  Time since last request: 0.000176 seconds.
  path: Assets/LowPolyDungeonsLite/Models/Bottle_05.fbx
  artifactKey: Guid(1f3ab9073fa6aed4bbec9d3a54b89a27) Importer(815301076,1909f56bfc062723c751e8b465ee728b)
Start importing Assets/LowPolyDungeonsLite/Models/Bottle_05.fbx using Guid(1f3ab9073fa6aed4bbec9d3a54b89a27) Importer(815301076,1909f56bfc062723c751e8b465ee728b)  -> (artifact id: 'df3fd8aa0421e400d200c30a4afaf4c3') in 0.012550 seconds 
  Import took 0.014601 seconds .

========================================================================
Received Import Request.
  Time since last request: 0.000168 seconds.
  path: Assets/LowPolyDungeonsLite/Models/Candle_01.fbx
  artifactKey: Guid(0e94f8f9621dc254ca920f620b8e454e) Importer(815301076,1909f56bfc062723c751e8b465ee728b)
Start importing Assets/LowPolyDungeonsLite/Models/Candle_01.fbx using Guid(0e94f8f9621dc254ca920f620b8e454e) Importer(815301076,1909f56bfc062723c751e8b465ee728b)  -> (artifact id: 'e1a41e1f72e0bf3b8b7acf7af9881a2c') in 0.011075 seconds 
  Import took 0.013193 seconds .

========================================================================
Received Import Request.
  Time since last request: 0.000176 seconds.
  path: Assets/LowPolyDungeonsLite/Models/Light_08.fbx
  artifactKey: Guid(a572b7e4c3d8eb446823b4269e41cb5d) Importer(815301076,1909f56bfc062723c751e8b465ee728b)
Start importing Assets/LowPolyDungeonsLite/Models/Light_08.fbx using Guid(a572b7e4c3d8eb446823b4269e41cb5d) Importer(815301076,1909f56bfc062723c751e8b465ee728b)  -> (artifact id: '9ea99af68972cb9c255b3e3cb8207758') in 0.017361 seconds 
  Import took 0.019717 seconds .

========================================================================
Received Import Request.
  Time since last request: 0.565389 seconds.
  path: Assets/LowPolyDungeonsLite/Models/Pot_01.fbx
  artifactKey: Guid(ea68aa111adc3264f9968657e12cc86a) Importer(815301076,1909f56bfc062723c751e8b465ee728b)
Start importing Assets/LowPolyDungeonsLite/Models/Pot_01.fbx using Guid(ea68aa111adc3264f9968657e12cc86a) Importer(815301076,1909f56bfc062723c751e8b465ee728b)  -> (artifact id: 'db0a82dff50ec36ac1bdc3cf703089a0') in 0.012612 seconds 
  Import took 0.014749 seconds .

========================================================================
Received Import Request.
  Time since last request: 0.000157 seconds.
  path: Assets/LowPolyDungeonsLite/Models/Rock_01.fbx
  artifactKey: Guid(35b57be42e294d546baff933e1fef874) Importer(815301076,1909f56bfc062723c751e8b465ee728b)
Start importing Assets/LowPolyDungeonsLite/Models/Rock_01.fbx using Guid(35b57be42e294d546baff933e1fef874) Importer(815301076,1909f56bfc062723c751e8b465ee728b)  -> (artifact id: '3ee79edcd36e9c6d37d777c419eabf44') in 0.010597 seconds 
  Import took 0.012764 seconds .

========================================================================
Received Import Request.
  Time since last request: 0.018398 seconds.
  path: Assets/LowPolyDungeonsLite/Models/Table_01.fbx
  artifactKey: Guid(d6d2f7aefe8e8cb4aac4725d78e70fde) Importer(815301076,1909f56bfc062723c751e8b465ee728b)
Start importing Assets/LowPolyDungeonsLite/Models/Table_01.fbx using Guid(d6d2f7aefe8e8cb4aac4725d78e70fde) Importer(815301076,1909f56bfc062723c751e8b465ee728b)  -> (artifact id: '8f4b20e4e82708045d79b7ee95d5bb62') in 0.015138 seconds 
  Import took 0.017512 seconds .

========================================================================
Received Import Request.
  Time since last request: 0.000158 seconds.
  path: Assets/LowPolyDungeonsLite/Models/Wall_27.fbx
  artifactKey: Guid(657987f19f0767d4f81541198f8e3eff) Importer(815301076,1909f56bfc062723c751e8b465ee728b)
Start importing Assets/LowPolyDungeonsLite/Models/Wall_27.fbx using Guid(657987f19f0767d4f81541198f8e3eff) Importer(815301076,1909f56bfc062723c751e8b465ee728b)  -> (artifact id: 'd3bd91f9ac1da8933809e0147b94b852') in 0.013037 seconds 
  Import took 0.015165 seconds .

========================================================================
Received Import Request.
  Time since last request: 0.272862 seconds.
  path: Assets/LowPolyDungeonsLite/Models/WallDecor_05.fbx
  artifactKey: Guid(cde161403e4daa841897213ea28384a5) Importer(815301076,1909f56bfc062723c751e8b465ee728b)
Start importing Assets/LowPolyDungeonsLite/Models/WallDecor_05.fbx using Guid(cde161403e4daa841897213ea28384a5) Importer(815301076,1909f56bfc062723c751e8b465ee728b)  -> (artifact id: 'ea6930e5b82067bbc3949ad4259976af') in 0.010910 seconds 
  Import took 0.013018 seconds .

========================================================================
Received Import Request.
  Time since last request: 0.000157 seconds.
  path: Assets/LowPolyDungeonsLite/Models/Wood_02.fbx
  artifactKey: Guid(e8f98bd8e8aa901469815fc68e3094aa) Importer(815301076,1909f56bfc062723c751e8b465ee728b)
Start importing Assets/LowPolyDungeonsLite/Models/Wood_02.fbx using Guid(e8f98bd8e8aa901469815fc68e3094aa) Importer(815301076,1909f56bfc062723c751e8b465ee728b)  -> (artifact id: 'b3e278fe771a0a47b5a5370ce967f12a') in 0.012431 seconds 
  Import took 0.014994 seconds .

========================================================================
Received Import Request.
  Time since last request: 1.788363 seconds.
  path: Assets/LowPolyDungeonsLite/Materials
  artifactKey: Guid(1d90635a75c7dd94ca2c5ea4274f466e) Importer(815301076,1909f56bfc062723c751e8b465ee728b)
Start importing Assets/LowPolyDungeonsLite/Materials using Guid(1d90635a75c7dd94ca2c5ea4274f466e) Importer(815301076,1909f56bfc062723c751e8b465ee728b)  -> (artifact id: '5574a30fe6ee8d249b7de70f17888a31') in 0.001685 seconds 
  Import took 0.003749 seconds .

========================================================================
Received Import Request.
  Time since last request: 0.061772 seconds.
  path: Assets/LowPolyDungeonsLite/Materials/LowPolyDungeonsLite_BG.mat
  artifactKey: Guid(64ba6c72e3ef1e549a99ffb902487f11) Importer(815301076,1909f56bfc062723c751e8b465ee728b)
Start importing Assets/LowPolyDungeonsLite/Materials/LowPolyDungeonsLite_BG.mat using Guid(64ba6c72e3ef1e549a99ffb902487f11) Importer(815301076,1909f56bfc062723c751e8b465ee728b)  -> (artifact id: '34d5d497e677ae5fd557fa2dde0a75ff') in 0.023632 seconds 
  Import took 0.025775 seconds .

========================================================================
Received Import Request.
  Time since last request: 0.000154 seconds.
  path: Assets/LowPolyDungeonsLite/Materials/LowPolyDungeonsLite_Light.mat
  artifactKey: Guid(2f12fcec4b3dcc0489472b3a9cfa44c1) Importer(815301076,1909f56bfc062723c751e8b465ee728b)
Start importing Assets/LowPolyDungeonsLite/Materials/LowPolyDungeonsLite_Light.mat using Guid(2f12fcec4b3dcc0489472b3a9cfa44c1) Importer(815301076,1909f56bfc062723c751e8b465ee728b)  -> (artifact id: '6ef44703e358fb9437799e1ad4d97848') in 0.009521 seconds 
  Import took 0.011709 seconds .

========================================================================
Received Import Request.
  Time since last request: 0.000191 seconds.
  path: Assets/LowPolyDungeonsLite/Materials/LowPolyDungeonsLite_MAIN.mat
  artifactKey: Guid(18f63ff904099034daf971dac5b32582) Importer(815301076,1909f56bfc062723c751e8b465ee728b)
Start importing Assets/LowPolyDungeonsLite/Materials/LowPolyDungeonsLite_MAIN.mat using Guid(18f63ff904099034daf971dac5b32582) Importer(815301076,1909f56bfc062723c751e8b465ee728b)  -> (artifact id: '8ffeead3de36943e24ba00a2c46146c2') in 0.011248 seconds 
  Import took 0.013496 seconds .

========================================================================
Received Import Request.
  Time since last request: 1.106577 seconds.
  path: Assets/LowPolyDungeonsLite/Textures
  artifactKey: Guid(3ec7c105b5f5fa94387b74d69f80c162) Importer(815301076,1909f56bfc062723c751e8b465ee728b)
Start importing Assets/LowPolyDungeonsLite/Textures using Guid(3ec7c105b5f5fa94387b74d69f80c162) Importer(815301076,1909f56bfc062723c751e8b465ee728b)  -> (artifact id: '86a52a5c5e801403d216a36918b89a34') in 0.001572 seconds 
  Import took 0.003739 seconds .

========================================================================
Received Import Request.
  Time since last request: 0.062171 seconds.
  path: Assets/LowPolyDungeonsLite/Textures/LowPolyDungeonsLite_Texture_01.png
  artifactKey: Guid(3368dcc05b2e368459930672ab30f04b) Importer(815301076,1909f56bfc062723c751e8b465ee728b)
Start importing Assets/LowPolyDungeonsLite/Textures/LowPolyDungeonsLite_Texture_01.png using Guid(3368dcc05b2e368459930672ab30f04b) Importer(815301076,1909f56bfc062723c751e8b465ee728b)  -> (artifact id: 'bc56d612b153c7696aa158045fd4662e') in 0.016372 seconds 
  Import took 0.018560 seconds .

========================================================================
Received Import Request.
  Time since last request: 727.900882 seconds.
  path: Assets/LowPolyDungeonsLite/Scenes/LowPolyDungeonsLite_Demo.unity
  artifactKey: Guid(8fdb66b3d5f94c2488dec767fb72a89e) Importer(815301076,1909f56bfc062723c751e8b465ee728b)
Start importing Assets/LowPolyDungeonsLite/Scenes/LowPolyDungeonsLite_Demo.unity using Guid(8fdb66b3d5f94c2488dec767fb72a89e) Importer(815301076,1909f56bfc062723c751e8b465ee728b)  -> (artifact id: '04928ac6649ae784da89cc3195069fed') in 0.002306 seconds 
  Import took 0.004844 seconds .

========================================================================
Received Import Request.
  Time since last request: 4.627107 seconds.
  path: Assets/LowPolyDungeonsLite/Scenes/LowPolyDungeonsLite_Overview.unity
  artifactKey: Guid(7a5ed6b7f9c964245bbc6b499860c208) Importer(815301076,1909f56bfc062723c751e8b465ee728b)
Start importing Assets/LowPolyDungeonsLite/Scenes/LowPolyDungeonsLite_Overview.unity using Guid(7a5ed6b7f9c964245bbc6b499860c208) Importer(815301076,1909f56bfc062723c751e8b465ee728b)  -> (artifact id: '78b3493babd3510d5e4f0dcec3bc9bbd') in 0.002378 seconds 
  Import took 0.004423 seconds .

========================================================================
Received Import Request.
  Time since last request: 3.339395 seconds.
  path: Assets/Scenes
  artifactKey: Guid(6654af73fb314ac4bba8ada52409e99d) Importer(815301076,1909f56bfc062723c751e8b465ee728b)
Start importing Assets/Scenes using Guid(6654af73fb314ac4bba8ada52409e99d) Importer(815301076,1909f56bfc062723c751e8b465ee728b)  -> (artifact id: '12c71759d93e7195e1e8fc45f0854fc7') in 0.001605 seconds 
  Import took 0.003631 seconds .

========================================================================
Received Import Request.
  Time since last request: 0.947623 seconds.
  path: Assets/Scenes/SampleScene.unity
  artifactKey: Guid(9fc0d4010bbf28b4594072e72b8655ab) Importer(815301076,1909f56bfc062723c751e8b465ee728b)
Start importing Assets/Scenes/SampleScene.unity using Guid(9fc0d4010bbf28b4594072e72b8655ab) Importer(815301076,1909f56bfc062723c751e8b465ee728b)  -> (artifact id: 'dcc088d1731b590f9572c6f2bab98c6a') in 0.002000 seconds 
  Import took 0.003967 seconds .

========================================================================
Received Import Request.
  Time since last request: 4.229734 seconds.
  path: Assets/Scenes/遊戲場景.unity
  artifactKey: Guid(af4be93f13434854ca10bc872f4d96ff) Importer(815301076,1909f56bfc062723c751e8b465ee728b)
Start importing Assets/Scenes/遊戲場景.unity using Guid(af4be93f13434854ca10bc872f4d96ff) Importer(815301076,1909f56bfc062723c751e8b465ee728b)  -> (artifact id: '6272ffa90096ce4a1deb1d141c93125d') in 0.002013 seconds 
  Import took 0.004303 seconds .

========================================================================
Received Import Request.
  Time since last request: 1321.806394 seconds.
  path: Assets/Casual RPG Character - Avelyn/Character_icon
  artifactKey: Guid(b300cf54bce268a4dbba5cba2b26ddc2) Importer(815301076,1909f56bfc062723c751e8b465ee728b)
Start importing Assets/Casual RPG Character - Avelyn/Character_icon using Guid(b300cf54bce268a4dbba5cba2b26ddc2) Importer(815301076,1909f56bfc062723c751e8b465ee728b)  -> (artifact id: '37764805acd41886f5e2cdac41de535c') in 0.001943 seconds 
  Import took 0.004460 seconds .

========================================================================
Received Import Request.
  Time since last request: 0.082557 seconds.
  path: Assets/Casual RPG Character - Avelyn/Character_icon/Avelyn.png
  artifactKey: Guid(592ebca09e905534fb5e7cde574a10d7) Importer(815301076,1909f56bfc062723c751e8b465ee728b)
Start importing Assets/Casual RPG Character - Avelyn/Character_icon/Avelyn.png using Guid(592ebca09e905534fb5e7cde574a10d7) Importer(815301076,1909f56bfc062723c751e8b465ee728b)  -> (artifact id: '86d17cd6d9fed6c3acdd030ca2ea84c9') in 0.057275 seconds 
  Import took 0.059490 seconds .

========================================================================
Received Import Request.
  Time since last request: 0.000173 seconds.
  path: Assets/Casual RPG Character - Avelyn/Character_icon/Avelyn_Skill_01.png
  artifactKey: Guid(cf64583433e5a384bb3d2ad3c1db9f84) Importer(815301076,1909f56bfc062723c751e8b465ee728b)
Start importing Assets/Casual RPG Character - Avelyn/Character_icon/Avelyn_Skill_01.png using Guid(cf64583433e5a384bb3d2ad3c1db9f84) Importer(815301076,1909f56bfc062723c751e8b465ee728b)  -> (artifact id: '66aafe1bacac67543024cff0c3428edf') in 0.005654 seconds 
  Import took 0.007686 seconds .

========================================================================
Received Import Request.
  Time since last request: 335.166583 seconds.
  path: Assets/Casual RPG Character - Avelyn/Models/Humanoid
  artifactKey: Guid(4cd6d0ac1093d8443b0c35b2d383aa3c) Importer(815301076,1909f56bfc062723c751e8b465ee728b)
Start importing Assets/Casual RPG Character - Avelyn/Models/Humanoid using Guid(4cd6d0ac1093d8443b0c35b2d383aa3c) Importer(815301076,1909f56bfc062723c751e8b465ee728b)  -> (artifact id: '4887656f26b4481b81ee7a1e670b9cdf') in 0.001779 seconds 
  Import took 0.004323 seconds .

========================================================================
Received Import Request.
  Time since last request: 0.085438 seconds.
  path: Assets/Casual RPG Character - Avelyn/Models/Humanoid/Avelyn_Active_Skill_01_h.fbx
  artifactKey: Guid(7e1a71f13253e424b818d1a398f45c96) Importer(815301076,1909f56bfc062723c751e8b465ee728b)
Start importing Assets/Casual RPG Character - Avelyn/Models/Humanoid/Avelyn_Active_Skill_01_h.fbx using Guid(7e1a71f13253e424b818d1a398f45c96) Importer(815301076,1909f56bfc062723c751e8b465ee728b)  -> (artifact id: '04d444fc848ece37a473a1ff4591db3d') in 0.072315 seconds 
  Import took 0.074676 seconds .

========================================================================
Received Import Request.
  Time since last request: 0.000230 seconds.
  path: Assets/Casual RPG Character - Avelyn/Models/Humanoid/Avelyn_Battleidle_01_h.fbx
  artifactKey: Guid(b5bbc4722f04af546ac450a61a711384) Importer(815301076,1909f56bfc062723c751e8b465ee728b)
Start importing Assets/Casual RPG Character - Avelyn/Models/Humanoid/Avelyn_Battleidle_01_h.fbx using Guid(b5bbc4722f04af546ac450a61a711384) Importer(815301076,1909f56bfc062723c751e8b465ee728b)  -> (artifact id: '9af86023a143b755eff1a0e0fb66d3c9') in 0.042406 seconds 
  Import took 0.044566 seconds .

========================================================================
Received Import Request.
  Time since last request: 0.000249 seconds.
  path: Assets/Casual RPG Character - Avelyn/Models/Humanoid/Avelyn_Stun_01_h.fbx
  artifactKey: Guid(ce0f05bf252d4a8489daef6b540f0783) Importer(815301076,1909f56bfc062723c751e8b465ee728b)
Start importing Assets/Casual RPG Character - Avelyn/Models/Humanoid/Avelyn_Stun_01_h.fbx using Guid(ce0f05bf252d4a8489daef6b540f0783) Importer(815301076,1909f56bfc062723c751e8b465ee728b)  -> (artifact id: 'b715d6d2464a1bae03100d660ceed831') in 0.038408 seconds 
  Import took 0.040564 seconds .

========================================================================
Received Import Request.
  Time since last request: 0.000166 seconds.
  path: Assets/Casual RPG Character - Avelyn/Models/Humanoid/Avelyn_Run_01_h.fbx
  artifactKey: Guid(2113af2679b31e147b7dbb7484f60dea) Importer(815301076,1909f56bfc062723c751e8b465ee728b)
Start importing Assets/Casual RPG Character - Avelyn/Models/Humanoid/Avelyn_Run_01_h.fbx using Guid(2113af2679b31e147b7dbb7484f60dea) Importer(815301076,1909f56bfc062723c751e8b465ee728b)  -> (artifact id: 'ff1ba91878b9d9f1a86789e6b9537068') in 0.032474 seconds 
  Import took 0.034611 seconds .

========================================================================
Received Import Request.
  Time since last request: 0.000163 seconds.
  path: Assets/Casual RPG Character - Avelyn/Models/Humanoid/Avelyn_h.FBX
  artifactKey: Guid(1eefae038fcff6a45a6f3f0e9abd557d) Importer(815301076,1909f56bfc062723c751e8b465ee728b)
Start importing Assets/Casual RPG Character - Avelyn/Models/Humanoid/Avelyn_h.FBX using Guid(1eefae038fcff6a45a6f3f0e9abd557d) Importer(815301076,1909f56bfc062723c751e8b465ee728b)  -> (artifact id: 'd22d5c98a99bd215d010e0960ac176a6') in 0.020920 seconds 
  Import took 0.023243 seconds .

========================================================================
Received Import Request.
  Time since last request: 0.000183 seconds.
  path: Assets/Casual RPG Character - Avelyn/Models/Humanoid/Avelyn_Skill_01_h.fbx
  artifactKey: Guid(220acf312f725a342b7fcee59e6c2b98) Importer(815301076,1909f56bfc062723c751e8b465ee728b)
Start importing Assets/Casual RPG Character - Avelyn/Models/Humanoid/Avelyn_Skill_01_h.fbx using Guid(220acf312f725a342b7fcee59e6c2b98) Importer(815301076,1909f56bfc062723c751e8b465ee728b)  -> (artifact id: '54dcbd38c5a11db9347f180c004e255d') in 0.032210 seconds 
  Import took 0.034393 seconds .

========================================================================
Received Import Request.
  Time since last request: 0.000159 seconds.
  path: Assets/Casual RPG Character - Avelyn/Models/Humanoid/Avelyn_Attack_01_h.fbx
  artifactKey: Guid(3bcb092066fec544390030e32257d026) Importer(815301076,1909f56bfc062723c751e8b465ee728b)
Start importing Assets/Casual RPG Character - Avelyn/Models/Humanoid/Avelyn_Attack_01_h.fbx using Guid(3bcb092066fec544390030e32257d026) Importer(815301076,1909f56bfc062723c751e8b465ee728b)  -> (artifact id: '816c030ca507a563e9c73d63454e2a42') in 0.030984 seconds 
  Import took 0.033196 seconds .

========================================================================
Received Import Request.
  Time since last request: 0.000150 seconds.
  path: Assets/Casual RPG Character - Avelyn/Models/Humanoid/Avelyn_Attack_02_h.fbx
  artifactKey: Guid(b6bcf210db3cc2e418b0340df3ab6fdb) Importer(815301076,1909f56bfc062723c751e8b465ee728b)
Start importing Assets/Casual RPG Character - Avelyn/Models/Humanoid/Avelyn_Attack_02_h.fbx using Guid(b6bcf210db3cc2e418b0340df3ab6fdb) Importer(815301076,1909f56bfc062723c751e8b465ee728b)  -> (artifact id: '60b53d0fdf6fdf3ad274481d9ce457e4') in 0.030804 seconds 
  Import took 0.032933 seconds .

========================================================================
Received Import Request.
  Time since last request: 0.000174 seconds.
  path: Assets/Casual RPG Character - Avelyn/Models/Humanoid/Avelyn_Skill_02_h.fbx
  artifactKey: Guid(9f70f925ce6fe384393d20c665636be2) Importer(815301076,1909f56bfc062723c751e8b465ee728b)
Start importing Assets/Casual RPG Character - Avelyn/Models/Humanoid/Avelyn_Skill_02_h.fbx using Guid(9f70f925ce6fe384393d20c665636be2) Importer(815301076,1909f56bfc062723c751e8b465ee728b)  -> (artifact id: '9737729ff973e84b2b18b456a33eda44') in 0.038120 seconds 
  Import took 0.040277 seconds .

========================================================================
Received Import Request.
  Time since last request: 101.632516 seconds.
  path: Assets/Casual RPG Character - Avelyn/Models/Humanoid/Avelyn_h.FBX
  artifactKey: Guid(1eefae038fcff6a45a6f3f0e9abd557d) Importer(815301076,1909f56bfc062723c751e8b465ee728b)
Start importing Assets/Casual RPG Character - Avelyn/Models/Humanoid/Avelyn_h.FBX using Guid(1eefae038fcff6a45a6f3f0e9abd557d) Importer(815301076,1909f56bfc062723c751e8b465ee728b)  -> (artifact id: 'dc7759eb067aa16e7f0775028c943b7f') in 0.030780 seconds 
  Import took 0.033368 seconds .

========================================================================
Received Import Request.
  Time since last request: 6.940870 seconds.
  path: Assets/Casual RPG Character - Avelyn/Models/Humanoid/Avelyn_h.FBX
  artifactKey: Guid(1eefae038fcff6a45a6f3f0e9abd557d) Importer(815301076,1909f56bfc062723c751e8b465ee728b)
Start importing Assets/Casual RPG Character - Avelyn/Models/Humanoid/Avelyn_h.FBX using Guid(1eefae038fcff6a45a6f3f0e9abd557d) Importer(815301076,1909f56bfc062723c751e8b465ee728b)  -> (artifact id: '86e4010b70f5b0072ce4bbfa0f760bb1') in 0.034400 seconds 
  Import took 0.036801 seconds .

========================================================================
Received Import Request.
  Time since last request: 1012.856340 seconds.
  path: Assets/Fox/Prefabs
  artifactKey: Guid(5111af2f92f2ed94dbebf7e19b2950f0) Importer(815301076,1909f56bfc062723c751e8b465ee728b)
Start importing Assets/Fox/Prefabs using Guid(5111af2f92f2ed94dbebf7e19b2950f0) Importer(815301076,1909f56bfc062723c751e8b465ee728b)  -> (artifact id: '014c69ffabe65c3c1a9bfb762ed8a016') in 0.001511 seconds 
  Import took 0.004057 seconds .

========================================================================
Received Import Request.
  Time since last request: 1.019610 seconds.
  path: Assets/Fox/Prefabs/Fox.prefab
  artifactKey: Guid(9fedecbd1aa68924b816f15cb97e611a) Importer(815301076,1909f56bfc062723c751e8b465ee728b)
Start importing Assets/Fox/Prefabs/Fox.prefab using Guid(9fedecbd1aa68924b816f15cb97e611a) Importer(815301076,1909f56bfc062723c751e8b465ee728b)  -> (artifact id: '0c14d5e393d135afc3a6e1bf60264045') in 0.251130 seconds 
  Import took 0.255347 seconds .

========================================================================
Received Import Request.
  Time since last request: 98.498765 seconds.
  path: Assets/Fox/FBXs/Fox.fbx
  artifactKey: Guid(91e4778cdfb185d4d9bfe81556dc4333) Importer(815301076,1909f56bfc062723c751e8b465ee728b)
Start importing Assets/Fox/FBXs/Fox.fbx using Guid(91e4778cdfb185d4d9bfe81556dc4333) Importer(815301076,1909f56bfc062723c751e8b465ee728b)  -> (artifact id: '44ee2e2357971fc8397cd758c2e54361') in 0.039185 seconds 
  Import took 0.041656 seconds .

========================================================================
Received Import Request.
  Time since last request: 47.606797 seconds.
  path: Assets/Fox/FBXs/Fox.fbx
  artifactKey: Guid(91e4778cdfb185d4d9bfe81556dc4333) Importer(815301076,1909f56bfc062723c751e8b465ee728b)
Start importing Assets/Fox/FBXs/Fox.fbx using Guid(91e4778cdfb185d4d9bfe81556dc4333) Importer(815301076,1909f56bfc062723c751e8b465ee728b)  -> (artifact id: '9f7179248c022a189501a9ff29925b4f') in 0.041548 seconds 
  Import took 0.044154 seconds .

========================================================================
Received Import Request.
  Time since last request: 7.501218 seconds.
  path: Assets/Fox/FBXs/Fox.fbx
  artifactKey: Guid(91e4778cdfb185d4d9bfe81556dc4333) Importer(815301076,1909f56bfc062723c751e8b465ee728b)
Start importing Assets/Fox/FBXs/Fox.fbx using Guid(91e4778cdfb185d4d9bfe81556dc4333) Importer(815301076,1909f56bfc062723c751e8b465ee728b)  -> (artifact id: 'd76d223676b0aa2f0599fe8b74104da5') in 0.037033 seconds 
  Import took 0.039397 seconds .

========================================================================
Received Import Request.
  Time since last request: 6.092467 seconds.
  path: Assets/Fox/FBXs/Fox.fbx
  artifactKey: Guid(91e4778cdfb185d4d9bfe81556dc4333) Importer(815301076,1909f56bfc062723c751e8b465ee728b)
Start importing Assets/Fox/FBXs/Fox.fbx using Guid(91e4778cdfb185d4d9bfe81556dc4333) Importer(815301076,1909f56bfc062723c751e8b465ee728b)  -> (artifact id: '5fdfad716598d3b13ee768dc6546d43c') in 0.032265 seconds 
  Import took 0.034617 seconds .

========================================================================
Received Import Request.
  Time since last request: 5.837007 seconds.
  path: Assets/Fox/FBXs/Fox.fbx
  artifactKey: Guid(91e4778cdfb185d4d9bfe81556dc4333) Importer(815301076,1909f56bfc062723c751e8b465ee728b)
Start importing Assets/Fox/FBXs/Fox.fbx using Guid(91e4778cdfb185d4d9bfe81556dc4333) Importer(815301076,1909f56bfc062723c751e8b465ee728b)  -> (artifact id: '7ea148fc181488e470614b997159dd7c') in 0.040327 seconds 
  Import took 0.042725 seconds .

========================================================================
Received Import Request.
  Time since last request: 5.388498 seconds.
  path: Assets/Fox/FBXs/Fox.fbx
  artifactKey: Guid(91e4778cdfb185d4d9bfe81556dc4333) Importer(815301076,1909f56bfc062723c751e8b465ee728b)
Start importing Assets/Fox/FBXs/Fox.fbx using Guid(91e4778cdfb185d4d9bfe81556dc4333) Importer(815301076,1909f56bfc062723c751e8b465ee728b)  -> (artifact id: 'ce49ac344cdd4614c0dbb74481b4879b') in 0.036071 seconds 
  Import took 0.038234 seconds .

========================================================================
Received Import Request.
  Time since last request: 17.696709 seconds.
  path: Assets/Casual RPG Character - Avelyn/Models/Humanoid/Avelyn_h.FBX
  artifactKey: Guid(1eefae038fcff6a45a6f3f0e9abd557d) Importer(815301076,1909f56bfc062723c751e8b465ee728b)
Start importing Assets/Casual RPG Character - Avelyn/Models/Humanoid/Avelyn_h.FBX using Guid(1eefae038fcff6a45a6f3f0e9abd557d) Importer(815301076,1909f56bfc062723c751e8b465ee728b)  -> (artifact id: '7cac8036b8b5be8e4d8a6724dd1ea76c') in 0.028680 seconds 
  Import took 0.030932 seconds .

========================================================================
Received Import Request.
  Time since last request: 27.224539 seconds.
  path: Assets/Casual RPG Character - Avelyn/Prefaps
  artifactKey: Guid(dc7cdd284d31820409563be4be016435) Importer(815301076,1909f56bfc062723c751e8b465ee728b)
Start importing Assets/Casual RPG Character - Avelyn/Prefaps using Guid(dc7cdd284d31820409563be4be016435) Importer(815301076,1909f56bfc062723c751e8b465ee728b)  -> (artifact id: '3e94264314a784aec171b92cb57c4c79') in 0.001541 seconds 
  Import took 0.003580 seconds .

========================================================================
Received Import Request.
  Time since last request: 171.178785 seconds.
  path: Assets/Casual RPG Character - Avelyn/Models/Humanoid/Avelyn_Stun_01_h.fbx
  artifactKey: Guid(ce0f05bf252d4a8489daef6b540f0783) Importer(815301076,1909f56bfc062723c751e8b465ee728b)
Start importing Assets/Casual RPG Character - Avelyn/Models/Humanoid/Avelyn_Stun_01_h.fbx using Guid(ce0f05bf252d4a8489daef6b540f0783) Importer(815301076,1909f56bfc062723c751e8b465ee728b)  -> (artifact id: '1031e624f1360bc7aa2f1f3437ed347e') in 0.048401 seconds 
  Import took 0.051145 seconds .

========================================================================
Received Import Request.
  Time since last request: 82.647318 seconds.
  path: Assets/Fox/FBXs/Fox.fbx
  artifactKey: Guid(91e4778cdfb185d4d9bfe81556dc4333) Importer(815301076,1909f56bfc062723c751e8b465ee728b)
Start importing Assets/Fox/FBXs/Fox.fbx using Guid(91e4778cdfb185d4d9bfe81556dc4333) Importer(815301076,1909f56bfc062723c751e8b465ee728b)  -> (artifact id: '168cd09ea7d41abf5a8df7e02bf515b5') in 0.038244 seconds 
  Import took 0.040716 seconds .

========================================================================
Received Prepare
Registering precompiled user dll's ...
Registered in 0.001896 seconds.
Begin MonoManager ReloadAssembly
Native extension for WindowsStandalone target not found
Refreshing native plugins compatible for Editor in 0.31 ms, found 2 plugins.
Preloading 0 native plugins for Editor in 0.00 ms.
Mono: successfully reloaded assembly
- Completed reload, in  0.700 seconds
Domain Reload Profiling:
	ReloadAssembly (700ms)
		BeginReloadAssembly (111ms)
			ExecutionOrderSort (0ms)
			DisableScriptedObjects (5ms)
			BackupInstance (0ms)
			ReleaseScriptingObjects (0ms)
			CreateAndSetChildDomain (53ms)
		EndReloadAssembly (544ms)
			LoadAssemblies (65ms)
			RebuildTransferFunctionScriptingTraits (0ms)
			SetupTypeCache (191ms)
			ReleaseScriptCaches (1ms)
			RebuildScriptCaches (24ms)
			SetupLoadedEditorAssemblies (196ms)
				LogAssemblyErrors (0ms)
				InitializePlatformSupportModulesInManaged (4ms)
				SetLoadedEditorAssemblies (0ms)
				RefreshPlugins (0ms)
				BeforeProcessingInitializeOnLoad (48ms)
				ProcessInitializeOnLoadAttributes (138ms)
				ProcessInitializeOnLoadMethodAttributes (3ms)
				AfterProcessingInitializeOnLoad (3ms)
				EditorAssembliesLoaded (0ms)
			ExecutionOrderSort2 (0ms)
			AwakeInstancesAfterBackupRestoration (4ms)
Platform modules already initialized, skipping
Refreshing native plugins compatible for Editor in 0.27 ms, found 2 plugins.
Preloading 0 native plugins for Editor in 0.00 ms.
Unloading 1391 Unused Serialized files (Serialized files now loaded: 0)
System memory in use before: 83.1 MB.
System memory in use after: 83.2 MB.

Unloading 14 unused Assets to reduce memory usage. Loaded Objects now: 1883.
Total: 2.055900 ms (FindLiveObjects: 0.110300 ms CreateObjectMapping: 0.024800 ms MarkObjects: 1.882100 ms  DeleteObjects: 0.038200 ms)

AssetImportParameters requested are different than current active one (requested -> active):
  custom:framework-win-MediaFoundation: 216162199b28c13a410421893ffa2e32 -> 
  custom:video-decoder-ogg-theora: a1e56fd34408186e4bbccfd4996cb3dc -> 
  custom:container-muxer-webm: aa71ff27fc2769a1b78a27578f13a17b -> 
  custom:container-demuxer-webm: 4f35f7cbe854078d1ac9338744f61a02 -> 
  custom:container-demuxer-ogg: 62fdf1f143b41e24485cea50d1cbac27 -> 
  custom:video-encoder-webm-vp8: eb34c28f22e8b96e1ab97ce403110664 -> 
  custom:video-decoder-webm-vp8: 9c59270c3fd7afecdb556c50c9e8de78 -> 
  custom:audio-decoder-ogg-vorbis: bf7c407c2cedff20999df2af8eb42d56 -> 
  custom:audio-encoder-webm-vorbis: bf7c407c2cedff20999df2af8eb42d56 -> 
========================================================================
Received Prepare
Registering precompiled user dll's ...
Registered in 0.003220 seconds.
Begin MonoManager ReloadAssembly
Native extension for WindowsStandalone target not found
Refreshing native plugins compatible for Editor in 0.26 ms, found 2 plugins.
Preloading 0 native plugins for Editor in 0.00 ms.
Mono: successfully reloaded assembly
- Completed reload, in  0.766 seconds
Domain Reload Profiling:
	ReloadAssembly (767ms)
		BeginReloadAssembly (75ms)
			ExecutionOrderSort (0ms)
			DisableScriptedObjects (3ms)
			BackupInstance (0ms)
			ReleaseScriptingObjects (0ms)
			CreateAndSetChildDomain (25ms)
		EndReloadAssembly (650ms)
			LoadAssemblies (56ms)
			RebuildTransferFunctionScriptingTraits (0ms)
			SetupTypeCache (169ms)
			ReleaseScriptCaches (1ms)
			RebuildScriptCaches (24ms)
			SetupLoadedEditorAssemblies (303ms)
				LogAssemblyErrors (0ms)
				InitializePlatformSupportModulesInManaged (3ms)
				SetLoadedEditorAssemblies (0ms)
				RefreshPlugins (0ms)
				BeforeProcessingInitializeOnLoad (50ms)
				ProcessInitializeOnLoadAttributes (229ms)
				ProcessInitializeOnLoadMethodAttributes (5ms)
				AfterProcessingInitializeOnLoad (8ms)
				EditorAssembliesLoaded (7ms)
			ExecutionOrderSort2 (0ms)
			AwakeInstancesAfterBackupRestoration (16ms)
Platform modules already initialized, skipping
Refreshing native plugins compatible for Editor in 0.46 ms, found 2 plugins.
Preloading 0 native plugins for Editor in 0.00 ms.
Unloading 1391 Unused Serialized files (Serialized files now loaded: 0)
System memory in use before: 83.1 MB.
System memory in use after: 83.2 MB.

Unloading 11 unused Assets to reduce memory usage. Loaded Objects now: 1885.
Total: 15.564800 ms (FindLiveObjects: 0.643800 ms CreateObjectMapping: 0.212000 ms MarkObjects: 14.673500 ms  DeleteObjects: 0.032500 ms)

AssetImportParameters requested are different than current active one (requested -> active):
  custom:framework-win-MediaFoundation: 216162199b28c13a410421893ffa2e32 -> 
  custom:video-decoder-ogg-theora: a1e56fd34408186e4bbccfd4996cb3dc -> 
  custom:container-muxer-webm: aa71ff27fc2769a1b78a27578f13a17b -> 
  custom:container-demuxer-webm: 4f35f7cbe854078d1ac9338744f61a02 -> 
  custom:container-demuxer-ogg: 62fdf1f143b41e24485cea50d1cbac27 -> 
  custom:video-encoder-webm-vp8: eb34c28f22e8b96e1ab97ce403110664 -> 
  custom:video-decoder-webm-vp8: 9c59270c3fd7afecdb556c50c9e8de78 -> 
  custom:audio-decoder-ogg-vorbis: bf7c407c2cedff20999df2af8eb42d56 -> 
  custom:audio-encoder-webm-vorbis: bf7c407c2cedff20999df2af8eb42d56 -> 
AssetImportWorkerClient::OnTransportError - code=2 error=End of file
